This is pdfTeX, Version 3.141592653-2.6-1.40.28 (MiKTeX 25.12) (preloaded format=pdflatex 2026.4.7)  8 APR 2026 13:38
entering extended mode
 restricted \write18 enabled.
 file:line:error style messages enabled.
 %&-line parsing enabled.
**"c:/Nepal IMO Project/math-report.tex"
(c:/Nepal IMO Project/math-report.tex
LaTeX2e <2025-11-01>
L3 programming layer <2025-12-24>
(C:\Users\User\AppData\Local\Programs\MiKTeX\tex/latex/base\report.cls
Document Class: report 2025/01/22 v1.4n Standard LaTeX document class
(C:\Users\User\AppData\Local\Programs\MiKTeX\tex/latex/base\size10.clo
File: size10.clo 2025/01/22 v1.4n Standard LaTeX file (size option)
)
\c@part=\count275
\c@chapter=\count276
\c@section=\count277
\c@subsection=\count278
\c@subsubsection=\count279
\c@paragraph=\count280
\c@subparagraph=\count281
\c@figure=\count282
\c@table=\count283
\abovecaptionskip=\skip49
\belowcaptionskip=\skip50
\bibindent=\dimen148
)
(C:\Users\User\AppData\Local\Programs\MiKTeX\tex/latex/base\inputenc.sty
Package: inputenc 2024/02/08 v1.3d Input encoding file
\inpenc@prehook=\toks17
\inpenc@posthook=\toks18
)
(C:\Users\User\AppData\Local\Programs\MiKTeX\tex/latex/base\fontenc.sty
Package: fontenc 2025/07/18 v2.1d Standard LaTeX package
)
(C:\Users\User\AppData\Local\Programs\MiKTeX\tex/latex/graphics\graphicx.sty
Package: graphicx 2024/12/31 v1.2e Enhanced LaTeX Graphics (DPC,SPQR)

(C:\Users\User\AppData\Local\Programs\MiKTeX\tex/latex/graphics\keyval.sty
Package: keyval 2022/05/29 v1.15 key=value parser (DPC)
\KV@toks@=\toks19
)
(C:\Users\User\AppData\Local\Programs\MiKTeX\tex/latex/graphics\graphics.sty
Package: graphics 2024/08/06 v1.4g Standard LaTeX Graphics (DPC,SPQR)

(C:\Users\User\AppData\Local\Programs\MiKTeX\tex/latex/graphics\trig.sty
Package: trig 2023/12/02 v1.11 sin cos tan (DPC)
)
(C:\Users\User\AppData\Local\Programs\MiKTeX\tex/latex/graphics-cfg\graphics.cf
g
File: graphics.cfg 2016/06/04 v1.11 sample graphics configuration
)
Package graphics Info: Driver file: pdftex.def on input line 106.

(C:\Users\User\AppData\Local\Programs\MiKTeX\tex/latex/graphics-def\pdftex.def
File: pdftex.def 2025/09/29 v1.2d Graphics/color driver for pdftex
))
\Gin@req@height=\dimen149
\Gin@req@width=\dimen150
) (C:\Users\User\AppData\Local\Programs\MiKTeX\tex/latex/amsmath\amsmath.sty
Package: amsmath 2025/07/09 v2.17z AMS math features
\@mathmargin=\skip51

For additional information on amsmath, use the `?' option.
(C:\Users\User\AppData\Local\Programs\MiKTeX\tex/latex/amsmath\amstext.sty
Package: amstext 2024/11/17 v2.01 AMS text

(C:\Users\User\AppData\Local\Programs\MiKTeX\tex/latex/amsmath\amsgen.sty
File: amsgen.sty 1999/11/30 v2.0 generic functions
\@emptytoks=\toks20
\ex@=\dimen151
))
(C:\Users\User\AppData\Local\Programs\MiKTeX\tex/latex/amsmath\amsbsy.sty
Package: amsbsy 1999/11/29 v1.2d Bold Symbols
\pmbraise@=\dimen152
)
(C:\Users\User\AppData\Local\Programs\MiKTeX\tex/latex/amsmath\amsopn.sty
Package: amsopn 2022/04/08 v2.04 operator names
)
\inf@bad=\count284
LaTeX Info: Redefining \frac on input line 233.
\uproot@=\count285
\leftroot@=\count286
LaTeX Info: Redefining \overline on input line 398.
LaTeX Info: Redefining \colon on input line 409.
\classnum@=\count287
\DOTSCASE@=\count288
LaTeX Info: Redefining \ldots on input line 495.
LaTeX Info: Redefining \dots on input line 498.
LaTeX Info: Redefining \cdots on input line 619.
\Mathstrutbox@=\box53
\strutbox@=\box54
LaTeX Info: Redefining \big on input line 721.
LaTeX Info: Redefining \Big on input line 722.
LaTeX Info: Redefining \bigg on input line 723.
LaTeX Info: Redefining \Bigg on input line 724.
\big@size=\dimen153
LaTeX Font Info:    Redeclaring font encoding OML on input line 742.
LaTeX Font Info:    Redeclaring font encoding OMS on input line 743.
\macc@depth=\count289
LaTeX Info: Redefining \bmod on input line 904.
LaTeX Info: Redefining \pmod on input line 909.
LaTeX Info: Redefining \smash on input line 939.
LaTeX Info: Redefining \relbar on input line 969.
LaTeX Info: Redefining \Relbar on input line 970.
\c@MaxMatrixCols=\count290
\dotsspace@=\muskip17
\c@parentequation=\count291
\dspbrk@lvl=\count292
\tag@help=\toks21
\row@=\count293
\column@=\count294
\maxfields@=\count295
\andhelp@=\toks22
\eqnshift@=\dimen154
\alignsep@=\dimen155
\tagshift@=\dimen156
\tagwidth@=\dimen157
\totwidth@=\dimen158
\lineht@=\dimen159
\@envbody=\toks23
\multlinegap=\skip52
\multlinetaggap=\skip53
\mathdisplay@stack=\toks24
LaTeX Info: Redefining \[ on input line 2950.
LaTeX Info: Redefining \] on input line 2951.
)
(C:\Users\User\AppData\Local\Programs\MiKTeX\tex/latex/float\float.sty
Package: float 2001/11/08 v1.3d Float enhancements (AL)
\c@float@type=\count296
\float@exts=\toks25
\float@box=\box55
\@float@everytoks=\toks26
\@floatcapt=\box56
)
(C:\Users\User\AppData\Local\Programs\MiKTeX\tex/latex/parskip\parskip.sty
Package: parskip 2021-03-14 v2.0h non-zero parskip adjustments

(C:\Users\User\AppData\Local\Programs\MiKTeX\tex/latex/kvoptions\kvoptions.sty
Package: kvoptions 2022-06-15 v3.15 Key value format for package options (HO)

(C:\Users\User\AppData\Local\Programs\MiKTeX\tex/generic/ltxcmds\ltxcmds.sty
Package: ltxcmds 2023-12-04 v1.26 LaTeX kernel commands for general use (HO)
)
(C:\Users\User\AppData\Local\Programs\MiKTeX\tex/latex/kvsetkeys\kvsetkeys.sty
Package: kvsetkeys 2022-10-05 v1.19 Key value parser (HO)
)) (C:\Users\User\AppData\Local\Programs\MiKTeX\tex/latex/etoolbox\etoolbox.sty
Package: etoolbox 2025/10/02 v2.5m e-TeX tools for LaTeX (JAW)
\etb@tempcnta=\count297
))
(C:\Users\User\AppData\Local\Programs\MiKTeX\tex/latex/l3backend\l3backend-pdft
ex.def
File: l3backend-pdftex.def 2025-10-09 L3 backend support: PDF output (pdfTeX)
\l__color_backend_stack_int=\count298
) (math-report.aux)
\openout1 = `math-report.aux'.

LaTeX Font Info:    Checking defaults for OML/cmm/m/it on input line 15.
LaTeX Font Info:    ... okay on input line 15.
LaTeX Font Info:    Checking defaults for OMS/cmsy/m/n on input line 15.
LaTeX Font Info:    ... okay on input line 15.
LaTeX Font Info:    Checking defaults for OT1/cmr/m/n on input line 15.
LaTeX Font Info:    ... okay on input line 15.
LaTeX Font Info:    Checking defaults for T1/cmr/m/n on input line 15.
LaTeX Font Info:    ... okay on input line 15.
LaTeX Font Info:    Checking defaults for TS1/cmr/m/n on input line 15.
LaTeX Font Info:    ... okay on input line 15.
LaTeX Font Info:    Checking defaults for OMX/cmex/m/n on input line 15.
LaTeX Font Info:    ... okay on input line 15.
LaTeX Font Info:    Checking defaults for U/cmr/m/n on input line 15.
LaTeX Font Info:    ... okay on input line 15.

(C:\Users\User\AppData\Local\Programs\MiKTeX\tex/context/base/mkii\supp-pdf.mki
i
[Loading MPS to PDF converter (version 2006.09.02).]
\scratchcounter=\count299
\scratchdimen=\dimen160
\scratchbox=\box57
\nofMPsegments=\count300
\nofMParguments=\count301
\everyMPshowfont=\toks27
\MPscratchCnt=\count302
\MPscratchDim=\dimen161
\MPnumerator=\count303
\makeMPintoPDFobject=\count304
\everyMPtoPDFconversion=\toks28
)
(C:\Users\User\AppData\Local\Programs\MiKTeX\tex/latex/epstopdf-pkg\epstopdf-ba
se.sty
Package: epstopdf-base 2020-01-24 v2.11 Base part for package epstopdf
Package epstopdf-base Info: Redefining graphics rule for `.eps' on input line 4
85.

(C:\Users\User\AppData\Local\Programs\MiKTeX\tex/latex/00miktex\epstopdf-sys.cf
g
File: epstopdf-sys.cfg 2021/03/18 v2.0 Configuration of epstopdf for MiKTeX
)) [1

{C:/Users/User/AppData/Local/MiKTeX/fonts/map/pdftex/pdftex.map}]
[1] [1]
Overfull \hbox (49.4437pt too wide) in paragraph at lines 39--39
[]\T1/cmr/bx/n/12 Division I: Lon-gi-tu-di-nal IMO Per-for-mance Assessment(201
7-
 []

[2]
<total_scores_pie.png, id=20, 469.755pt x 505.89pt>
File: total_scores_pie.png Graphic file (type png)
<use total_scores_pie.png>
Package pdftex.def Info: total_scores_pie.png  used on input line 63.
(pdftex.def)             Requested size: 172.5pt x 185.76373pt.

Overfull \hbox (9.13574pt too wide) in paragraph at lines 68--69
[]\T1/cmr/m/n/10 The data sug-gests that Nepal's growth at the In-ter-na-tional
 Math-e-mat-ics Olympiad
 []

[3 <./total_scores_pie.png>]
<year1_3.png, id=26, 578.16pt x 433.62pt>
File: year1_3.png Graphic file (type png)
<use year1_3.png>
Package pdftex.def Info: year1_3.png  used on input line 77.
(pdftex.def)             Requested size: 207.0021pt x 155.24954pt.
<year4_6.png, id=27, 578.16pt x 433.62pt>
File: year4_6.png Graphic file (type png)
<use year4_6.png>
Package pdftex.def Info: year4_6.png  used on input line 84.
(pdftex.def)             Requested size: 207.0021pt x 155.24954pt.
 [4 <./year1_3.png> <./year4_6.png>]
Overfull \hbox (23.92822pt too wide) in paragraph at lines 101--101
[]\T1/cmr/bx/n/12 Score Dis-tri-bu-tions( Mean and Stan-dard de-vi-a-tion) 
 []

<2023_mean.png, id=33, 578.16pt x 722.7pt>
File: 2023_mean.png Graphic file (type png)
<use 2023_mean.png>
Package pdftex.def Info: 2023_mean.png  used on input line 107.
(pdftex.def)             Requested size: 172.5pt x 215.6207pt.
<2024_mean.png, id=34, 578.16pt x 722.7pt>
File: 2024_mean.png Graphic file (type png)
<use 2024_mean.png>
Package pdftex.def Info: 2024_mean.png  used on input line 114.
(pdftex.def)             Requested size: 172.5pt x 215.6207pt.
[5 <./2023_mean.png>]
<2025_mean.png, id=40, 578.16pt x 722.7pt>
File: 2025_mean.png Graphic file (type png)
<use 2025_mean.png>
Package pdftex.def Info: 2025_mean.png  used on input line 121.
(pdftex.def)             Requested size: 172.5pt x 215.6207pt.
 [6 <./2024_mean.png> <./2025_mean.png>]
<standard_deviation.png, id=46, 578.16pt x 867.24pt>
File: standard_deviation.png Graphic file (type png)
<use standard_deviation.png>
Package pdftex.def Info: standard_deviation.png  used on input line 135.
(pdftex.def)             Requested size: 207.0021pt x 310.49911pt.
 [7 <./standard_deviation.png>]
Overfull \hbox (5.72723pt too wide) in paragraph at lines 140--141
[]\T1/cmr/m/n/10 The fol-low-ing things can be no-ticed through the stan-dard d
e-vi-a-tion graphs: 
 []


Overfull \hbox (1.72702pt too wide) in paragraph at lines 143--144
\T1/cmr/m/n/10 All stu-dents seem to be per-form-ing on sim-i-lar ques-tions wh
ile be-ing blocked
 []


Overfull \hbox (22.28696pt too wide) in paragraph at lines 152--152
[]\T1/cmr/bx/n/12 Scatter Anal-y-sis of In-ter-nal and In-ter-na-tional Tests 
 []

<2023_compare.png, id=51, 462.528pt x 346.896pt>
File: 2023_compare.png Graphic file (type png)
<use 2023_compare.png>
Package pdftex.def Info: 2023_compare.png  used on input line 157.
(pdftex.def)             Requested size: 207.0021pt x 155.25484pt.
[8]
<2024_compare.png, id=55, 462.528pt x 346.896pt>
File: 2024_compare.png Graphic file (type png)
<use 2024_compare.png>
Package pdftex.def Info: 2024_compare.png  used on input line 168.
(pdftex.def)             Requested size: 207.0021pt x 155.25484pt.
 [9 <./2023_compare.png> <./2024_compare.png>]
<2025_compare.png, id=61, 462.528pt x 346.896pt>
File: 2025_compare.png Graphic file (type png)
<use 2025_compare.png>
Package pdftex.def Info: 2025_compare.png  used on input line 177.
(pdftex.def)             Requested size: 207.0021pt x 155.25484pt.
 [10 <./2025_compare.png>]
Overfull \hbox (12.7129pt too wide) in paragraph at lines 197--197
[]\T1/cmr/bx/n/12 Shift in In-ter-nal Test-ing to-wards P2/P5 ques-tions 
 []

[11] [12] [13] (math-report.aux)
 ***********
LaTeX2e <2025-11-01>
L3 programming layer <2025-12-24>
 ***********
 ) 
Here is how much of TeX's memory you used:
 3173 strings out of 467871
 47843 string characters out of 5418861
 457325 words of memory out of 5000000
 32036 multiletter control sequences out of 15000+600000
 636521 words of font info for 59 fonts, out of 8000000 for 9000
 1141 hyphenation exceptions out of 8191
 57i,6n,65p,1243b,237s stack positions out of 10000i,1000n,20000p,200000b,200000s
 <C:\Users\User\AppData\Local\MiKTeX\fonts/pk/ljfour/jknappen/ec/dpi600\ecbx1
200.pk> <C:\Users\User\AppData\Local\MiKTeX\fonts/pk/ljfour/jknappen/ec/dpi600\
ecbx1440.pk> <C:\Users\User\AppData\Local\MiKTeX\fonts/pk/ljfour/jknappen/ec/dp
i600\ecrm1000.pk> <C:\Users\User\AppData\Local\MiKTeX\fonts/pk/ljfour/jknappen/
ec/dpi600\ecbx1000.pk> <C:\Users\User\AppData\Local\MiKTeX\fonts/pk/ljfour/jkna
ppen/ec/dpi600\ecrm1200.pk> <C:\Users\User\AppData\Local\MiKTeX\fonts/pk/ljfour
/jknappen/ec/dpi600\ecrm1728.pk>
Output written on math-report.pdf (15 pages, 10846087 bytes).
PDF statistics:
 305 PDF objects out of 1000 (max. 8388607)
 0 named destinations out of 1000 (max. 500000)
 51 words of extra memory for PDF output out of 10000 (max. 10000000)

